[debug] [2021-05-22T12:32:27.036Z] ----------------------------------------------------------------------
[debug] [2021-05-22T12:32:27.037Z] Command:       /usr/bin/node /usr/bin/firebase emulators:start
[debug] [2021-05-22T12:32:27.038Z] CLI Version:   9.7.0
[debug] [2021-05-22T12:32:27.038Z] Platform:      linux
[debug] [2021-05-22T12:32:27.038Z] Node Version:  v14.16.0
[debug] [2021-05-22T12:32:27.038Z] Time:          Sat May 22 2021 18:02:27 GMT+0530 (India Standard Time)
[debug] [2021-05-22T12:32:27.038Z] ----------------------------------------------------------------------
[debug] 
[debug] [2021-05-22T12:32:27.040Z] >>> [apiv2][query] GET https://firebase-public.firebaseio.com/cli.json [none]
[debug] [2021-05-22T12:32:27.068Z] > command requires scopes: ["email","openid","https://www.googleapis.com/auth/cloudplatformprojects.readonly","https://www.googleapis.com/auth/firebase","https://www.googleapis.com/auth/cloud-platform"]
[debug] [2021-05-22T12:32:27.068Z] > authorizing via signed-in user
[info] i  emulators: Starting emulators: functions, hosting {"metadata":{"emulator":{"name":"hub"},"message":"Starting emulators: functions, hosting"}}
[debug] [2021-05-22T12:32:27.089Z] [hub] writing locator at /tmp/hub-clone-1de8a.json
[warn] ⚠  functions: The following emulators are not running, calls to these services from the Functions emulator will affect production: auth, firestore, database, pubsub {"metadata":{"emulator":{"name":"functions"},"message":"The following emulators are not running, calls to these services from the Functions emulator will affect production: \u001b[1mauth, firestore, database, pubsub\u001b[22m"}}
[warn] ⚠  Your requested "node" version "12" doesn't match your global version "14" {"metadata":{"emulator":{"name":"functions"},"message":"Your requested \"node\" version \"12\" doesn't match your global version \"14\""}}
[debug] [2021-05-22T12:32:27.128Z] defaultcredentials: writing to file /home/vikram/.config/firebase/vikramkoshyari222_gmail_com_application_default_credentials.json
[debug] [2021-05-22T12:32:27.140Z] Setting GAC to /home/vikram/.config/firebase/vikramkoshyari222_gmail_com_application_default_credentials.json {"metadata":{"emulator":{"name":"functions"},"message":"Setting GAC to /home/vikram/.config/firebase/vikramkoshyari222_gmail_com_application_default_credentials.json"}}
[debug] [2021-05-22T12:32:27.142Z] > refreshing access token with scopes: []
[debug] [2021-05-22T12:32:27.143Z] >>> HTTP REQUEST POST https://www.googleapis.com/oauth2/v3/token  
 <request body omitted>
[debug] [2021-05-22T12:32:27.593Z] <<< HTTP RESPONSE 200 {"pragma":"no-cache","date":"Sat, 22 May 2021 12:32:27 GMT","cache-control":"no-cache, no-store, max-age=0, must-revalidate","expires":"Mon, 01 Jan 1990 00:00:00 GMT","content-type":"application/json; charset=utf-8","vary":"X-Origin, Referer, Origin,Accept-Encoding","server":"scaffolding on HTTPServer2","x-xss-protection":"0","x-frame-options":"SAMEORIGIN","x-content-type-options":"nosniff","alt-svc":"h3-29=\":443\"; ma=2592000,h3-T051=\":443\"; ma=2592000,h3-Q050=\":443\"; ma=2592000,h3-Q046=\":443\"; ma=2592000,h3-Q043=\":443\"; ma=2592000,quic=\":443\"; ma=2592000; v=\"46,43\"","accept-ranges":"none","transfer-encoding":"chunked"}
[debug] [2021-05-22T12:32:27.756Z] >>> [apiv2][query] GET https://firebase.googleapis.com/v1beta1/projects/clone-1de8a/adminSdkConfig [none]
[debug] [2021-05-22T12:32:28.412Z] <<< [apiv2][status] GET https://firebase-public.firebaseio.com/cli.json 200
[debug] [2021-05-22T12:32:28.412Z] <<< [apiv2][body] GET https://firebase-public.firebaseio.com/cli.json {"cloudBuildErrorAfter":1594252800000,"cloudBuildWarnAfter":1590019200000,"defaultNode10After":1594252800000,"minVersion":"3.0.5","node8DeploysDisabledAfter":1613390400000,"node8RuntimeDisabledAfter":1615809600000,"node8WarnAfter":1600128000000}
[debug] [2021-05-22T12:32:28.826Z] <<< [apiv2][status] GET https://firebase.googleapis.com/v1beta1/projects/clone-1de8a/adminSdkConfig 200
[debug] [2021-05-22T12:32:28.826Z] <<< [apiv2][body] GET https://firebase.googleapis.com/v1beta1/projects/clone-1de8a/adminSdkConfig {"projectId":"clone-1de8a","databaseURL":"https://clone-1de8a-default-rtdb.firebaseio.com","storageBucket":"clone-1de8a.appspot.com","locationId":"us-central"}
[debug] [2021-05-22T12:32:28.949Z] >>> [apiv2][query] GET https://firebase.googleapis.com/v1beta1/projects/clone-1de8a/webApps/-/config [none]
[debug] [2021-05-22T12:32:30.499Z] <<< [apiv2][status] GET https://firebase.googleapis.com/v1beta1/projects/clone-1de8a/webApps/-/config 200
[debug] [2021-05-22T12:32:30.500Z] <<< [apiv2][body] GET https://firebase.googleapis.com/v1beta1/projects/clone-1de8a/webApps/-/config {"projectId":"clone-1de8a","appId":"1:939529182522:web:21d4c0ce870c6d263bc403","databaseURL":"https://clone-1de8a-default-rtdb.firebaseio.com","storageBucket":"clone-1de8a.appspot.com","locationId":"us-central","apiKey":"AIzaSyBRlDRuqm-INyWUrfuvr70gEsan2GgearU","authDomain":"clone-1de8a.firebaseapp.com","messagingSenderId":"939529182522","measurementId":"G-WZGXTF43M0"}
[info] i  hosting: Serving hosting files from: build {"metadata":{"emulator":{"name":"hosting"},"message":"Serving hosting files from: \u001b[1mbuild\u001b[22m"}}
[info] ✔  hosting: Local server: http://localhost:5000 {"metadata":{"emulator":{"name":"hosting"},"message":"Local server: \u001b[4m\u001b[1mhttp://localhost:5000\u001b[22m\u001b[24m"}}
[debug] [2021-05-22T12:32:31.251Z] Ignoring unsupported arg: auto_download {"metadata":{"emulator":{"name":"ui"},"message":"Ignoring unsupported arg: auto_download"}}
[debug] [2021-05-22T12:32:31.252Z] Ignoring unsupported arg: port {"metadata":{"emulator":{"name":"ui"},"message":"Ignoring unsupported arg: port"}}
[debug] [2021-05-22T12:32:31.252Z] Starting Emulator UI with command {"binary":"node","args":["/home/vikram/.cache/firebase/emulators/ui-v1.4.2/server.bundle.js"],"optionalArgs":[],"joinArgs":false} {"metadata":{"emulator":{"name":"ui"},"message":"Starting Emulator UI with command {\"binary\":\"node\",\"args\":[\"/home/vikram/.cache/firebase/emulators/ui-v1.4.2/server.bundle.js\"],\"optionalArgs\":[],\"joinArgs\":false}"}}
[info] i  ui: Emulator UI logging to ui-debug.log {"metadata":{"emulator":{"name":"ui"},"message":"Emulator UI logging to \u001b[1mui-debug.log\u001b[22m"}}
[debug] [2021-05-22T12:32:31.368Z] Web / API server started at http://localhost:4000
 {"metadata":{"emulator":{"name":"ui"},"message":"Web / API server started at http://localhost:4000\n"}}
[info] i  functions: Watching "/home/vikram/amazon-clone/functions" for Cloud Functions... {"metadata":{"emulator":{"name":"functions"},"message":"Watching \"/home/vikram/amazon-clone/functions\" for Cloud Functions..."}}
[debug] [2021-05-22T12:32:31.558Z] [worker-pool] addWorker(~diagnostic~) {"metadata":{"emulator":{"name":"functions"},"message":"[worker-pool] addWorker(~diagnostic~)"}}
[debug] [2021-05-22T12:32:31.558Z] [worker-pool] Adding worker with key ~diagnostic~, total=1 {"metadata":{"emulator":{"name":"functions"},"message":"[worker-pool] Adding worker with key ~diagnostic~, total=1"}}
[debug] [2021-05-22T12:32:31.559Z] [worker-pool] submitWork(triggerId=) {"metadata":{"emulator":{"name":"functions"},"message":"[worker-pool] submitWork(triggerId=)"}}
[debug] [2021-05-22T12:32:31.560Z] [worker-~diagnostic~-1b5e7887-90e7-4f0c-977a-5f4741d7e75a]: Assigning socketPath: /tmp/fire_emu_41823.sock {"metadata":{"emulator":{"name":"functions"},"message":"[worker-~diagnostic~-1b5e7887-90e7-4f0c-977a-5f4741d7e75a]: Assigning socketPath: /tmp/fire_emu_41823.sock"}}
[debug] [2021-05-22T12:32:31.560Z] [worker-~diagnostic~-1b5e7887-90e7-4f0c-977a-5f4741d7e75a]: BUSY {"metadata":{"emulator":{"name":"functions"},"message":"[worker-~diagnostic~-1b5e7887-90e7-4f0c-977a-5f4741d7e75a]: BUSY"}}
[debug] [2021-05-22T12:32:31.712Z] [runtime-status] [41823] Functions runtime initialized. {"cwd":"/home/vikram/amazon-clone/functions","node_version":"14.16.0"} {"metadata":{"emulator":{"name":"functions"},"message":"[runtime-status] [41823] Functions runtime initialized. {\"cwd\":\"/home/vikram/amazon-clone/functions\",\"node_version\":\"14.16.0\"}"}}
[debug] [2021-05-22T12:32:31.713Z] [runtime-status] [41823] Disabled runtime features: undefined {"metadata":{"emulator":{"name":"functions"},"message":"[runtime-status] [41823] Disabled runtime features: undefined"}}
[debug] [2021-05-22T12:32:31.744Z] [runtime-status] [41823] Resolved module firebase-admin {"declared":true,"installed":true,"version":"9.6.0","resolution":"/home/vikram/amazon-clone/functions/node_modules/firebase-admin/lib/index.js"} {"metadata":{"emulator":{"name":"functions"},"message":"[runtime-status] [41823] Resolved module firebase-admin {\"declared\":true,\"installed\":true,\"version\":\"9.6.0\",\"resolution\":\"/home/vikram/amazon-clone/functions/node_modules/firebase-admin/lib/index.js\"}"}}
[debug] [2021-05-22T12:32:31.751Z] [runtime-status] [41823] Resolved module firebase-functions {"declared":true,"installed":true,"version":"3.13.2","resolution":"/home/vikram/amazon-clone/functions/node_modules/firebase-functions/lib/index.js"} {"metadata":{"emulator":{"name":"functions"},"message":"[runtime-status] [41823] Resolved module firebase-functions {\"declared\":true,\"installed\":true,\"version\":\"3.13.2\",\"resolution\":\"/home/vikram/amazon-clone/functions/node_modules/firebase-functions/lib/index.js\"}"}}
[debug] [2021-05-22T12:32:31.753Z] [runtime-status] [41823] Resolved module firebase-functions {"declared":true,"installed":true,"version":"3.13.2","resolution":"/home/vikram/amazon-clone/functions/node_modules/firebase-functions/lib/index.js"} {"metadata":{"emulator":{"name":"functions"},"message":"[runtime-status] [41823] Resolved module firebase-functions {\"declared\":true,\"installed\":true,\"version\":\"3.13.2\",\"resolution\":\"/home/vikram/amazon-clone/functions/node_modules/firebase-functions/lib/index.js\"}"}}
[debug] [2021-05-22T12:32:31.755Z] [runtime-status] [41823] Outgoing network have been stubbed. [{"name":"http","status":"mocked"},{"name":"http","status":"mocked"},{"name":"https","status":"mocked"},{"name":"https","status":"mocked"},{"name":"net","status":"mocked"}] {"metadata":{"emulator":{"name":"functions"},"message":"[runtime-status] [41823] Outgoing network have been stubbed. [{\"name\":\"http\",\"status\":\"mocked\"},{\"name\":\"http\",\"status\":\"mocked\"},{\"name\":\"https\",\"status\":\"mocked\"},{\"name\":\"https\",\"status\":\"mocked\"},{\"name\":\"net\",\"status\":\"mocked\"}]"}}
[debug] [2021-05-22T12:32:31.757Z] [runtime-status] [41823] Resolved module firebase-functions {"declared":true,"installed":true,"version":"3.13.2","resolution":"/home/vikram/amazon-clone/functions/node_modules/firebase-functions/lib/index.js"} {"metadata":{"emulator":{"name":"functions"},"message":"[runtime-status] [41823] Resolved module firebase-functions {\"declared\":true,\"installed\":true,\"version\":\"3.13.2\",\"resolution\":\"/home/vikram/amazon-clone/functions/node_modules/firebase-functions/lib/index.js\"}"}}
[debug] [2021-05-22T12:32:32.208Z] [runtime-status] [41823] Checked functions.config() {"config":{}} {"metadata":{"emulator":{"name":"functions"},"message":"[runtime-status] [41823] Checked functions.config() {\"config\":{}}"}}
[debug] [2021-05-22T12:32:32.210Z] [runtime-status] [41823] firebase-functions has been stubbed. {"functionsResolution":{"declared":true,"installed":true,"version":"3.13.2","resolution":"/home/vikram/amazon-clone/functions/node_modules/firebase-functions/lib/index.js"}} {"metadata":{"emulator":{"name":"functions"},"message":"[runtime-status] [41823] firebase-functions has been stubbed. {\"functionsResolution\":{\"declared\":true,\"installed\":true,\"version\":\"3.13.2\",\"resolution\":\"/home/vikram/amazon-clone/functions/node_modules/firebase-functions/lib/index.js\"}}"}}
[debug] [2021-05-22T12:32:32.213Z] [runtime-status] [41823] Resolved module firebase-functions {"declared":true,"installed":true,"version":"3.13.2","resolution":"/home/vikram/amazon-clone/functions/node_modules/firebase-functions/lib/index.js"} {"metadata":{"emulator":{"name":"functions"},"message":"[runtime-status] [41823] Resolved module firebase-functions {\"declared\":true,\"installed\":true,\"version\":\"3.13.2\",\"resolution\":\"/home/vikram/amazon-clone/functions/node_modules/firebase-functions/lib/index.js\"}"}}
[debug] [2021-05-22T12:32:32.217Z] [runtime-status] [41823] Resolved module firebase-admin {"declared":true,"installed":true,"version":"9.6.0","resolution":"/home/vikram/amazon-clone/functions/node_modules/firebase-admin/lib/index.js"} {"metadata":{"emulator":{"name":"functions"},"message":"[runtime-status] [41823] Resolved module firebase-admin {\"declared\":true,\"installed\":true,\"version\":\"9.6.0\",\"resolution\":\"/home/vikram/amazon-clone/functions/node_modules/firebase-admin/lib/index.js\"}"}}
[debug] [2021-05-22T12:32:32.217Z] [runtime-status] [41823] Resolved module firebase-functions {"declared":true,"installed":true,"version":"3.13.2","resolution":"/home/vikram/amazon-clone/functions/node_modules/firebase-functions/lib/index.js"} {"metadata":{"emulator":{"name":"functions"},"message":"[runtime-status] [41823] Resolved module firebase-functions {\"declared\":true,\"installed\":true,\"version\":\"3.13.2\",\"resolution\":\"/home/vikram/amazon-clone/functions/node_modules/firebase-functions/lib/index.js\"}"}}
[debug] [2021-05-22T12:32:32.218Z] [runtime-status] [41823] firebase-admin has been stubbed. {"adminResolution":{"declared":true,"installed":true,"version":"9.6.0","resolution":"/home/vikram/amazon-clone/functions/node_modules/firebase-admin/lib/index.js"}} {"metadata":{"emulator":{"name":"functions"},"message":"[runtime-status] [41823] firebase-admin has been stubbed. {\"adminResolution\":{\"declared\":true,\"installed\":true,\"version\":\"9.6.0\",\"resolution\":\"/home/vikram/amazon-clone/functions/node_modules/firebase-admin/lib/index.js\"}}"}}
[info] ✔  functions[api]: http function initialized (http://localhost:5001/clone-1de8a/us-central1/api). {"metadata":{"emulator":{"name":"functions"},"message":"\u001b[1mhttp\u001b[22m function initialized (http://localhost:5001/clone-1de8a/us-central1/api)."}}
[info] 
┌─────────────────────────────────────────────────────────────┐
│ ✔  All emulators ready! It is now safe to connect your app. │
│ i  View Emulator UI at http://localhost:4000                │
└─────────────────────────────────────────────────────────────┘

┌───────────┬────────────────┬─────────────────────────────────┐
│ Emulator  │ Host:Port      │ View in Emulator UI             │
├───────────┼────────────────┼─────────────────────────────────┤
│ Functions │ localhost:5001 │ http://localhost:4000/functions │
├───────────┼────────────────┼─────────────────────────────────┤
│ Hosting   │ localhost:5000 │ n/a                             │
└───────────┴────────────────┴─────────────────────────────────┘
  Emulator Hub running at localhost:4400
  Other reserved ports: 4500

Issues? Report them at https://github.com/firebase/firebase-tools/issues and attach the *-debug.log files.
 
[debug] [2021-05-22T12:32:34.088Z] [worker-~diagnostic~-1b5e7887-90e7-4f0c-977a-5f4741d7e75a]: IDLE {"metadata":{"emulator":{"name":"functions"},"message":"[worker-~diagnostic~-1b5e7887-90e7-4f0c-977a-5f4741d7e75a]: IDLE"}}
[debug] [2021-05-22T12:33:20.356Z] [work-queue] {"queueLength":1,"workRunningCount":0}
[debug] [2021-05-22T12:33:20.357Z] [work-queue] {"queueLength":0,"workRunningCount":1}
[debug] [2021-05-22T12:33:20.357Z] Accepted request POST /clone-1de8a/us-central1/api/payments/create?total=5499900 --> api
[debug] [2021-05-22T12:33:20.362Z] [worker-pool] addWorker(api) {"metadata":{"emulator":{"name":"functions"},"message":"[worker-pool] addWorker(api)"}}
[debug] [2021-05-22T12:33:20.362Z] [worker-pool] Adding worker with key api, total=1 {"metadata":{"emulator":{"name":"functions"},"message":"[worker-pool] Adding worker with key api, total=1"}}
[debug] [2021-05-22T12:33:20.362Z] [worker-pool] submitWork(triggerId=api) {"metadata":{"emulator":{"name":"functions"},"message":"[worker-pool] submitWork(triggerId=api)"}}
[debug] [2021-05-22T12:33:20.363Z] [worker-api-7c184287-3ca1-41a5-a2c4-a382500e1897]: Assigning socketPath: /tmp/fire_emu_41897.sock {"metadata":{"emulator":{"name":"functions"},"message":"[worker-api-7c184287-3ca1-41a5-a2c4-a382500e1897]: Assigning socketPath: /tmp/fire_emu_41897.sock"}}
[debug] [2021-05-22T12:33:20.363Z] [worker-api-7c184287-3ca1-41a5-a2c4-a382500e1897]: BUSY {"metadata":{"emulator":{"name":"functions"},"message":"[worker-api-7c184287-3ca1-41a5-a2c4-a382500e1897]: BUSY"}}
[debug] [2021-05-22T12:33:20.470Z] [runtime-status] [41897] Functions runtime initialized. {"cwd":"/home/vikram/amazon-clone/functions","node_version":"14.16.0"} {"metadata":{"emulator":{"name":"functions"},"function":{"name":"api"},"message":"[runtime-status] [41897] Functions runtime initialized. {\"cwd\":\"/home/vikram/amazon-clone/functions\",\"node_version\":\"14.16.0\"}"}}
[debug] [2021-05-22T12:33:20.471Z] [runtime-status] [41897] Disabled runtime features: undefined {"metadata":{"emulator":{"name":"functions"},"function":{"name":"api"},"message":"[runtime-status] [41897] Disabled runtime features: undefined"}}
[debug] [2021-05-22T12:33:20.473Z] [runtime-status] [41897] Resolved module firebase-admin {"declared":true,"installed":true,"version":"9.6.0","resolution":"/home/vikram/amazon-clone/functions/node_modules/firebase-admin/lib/index.js"} {"metadata":{"emulator":{"name":"functions"},"function":{"name":"api"},"message":"[runtime-status] [41897] Resolved module firebase-admin {\"declared\":true,\"installed\":true,\"version\":\"9.6.0\",\"resolution\":\"/home/vikram/amazon-clone/functions/node_modules/firebase-admin/lib/index.js\"}"}}
[debug] [2021-05-22T12:33:20.474Z] [runtime-status] [41897] Resolved module firebase-functions {"declared":true,"installed":true,"version":"3.13.2","resolution":"/home/vikram/amazon-clone/functions/node_modules/firebase-functions/lib/index.js"} {"metadata":{"emulator":{"name":"functions"},"function":{"name":"api"},"message":"[runtime-status] [41897] Resolved module firebase-functions {\"declared\":true,\"installed\":true,\"version\":\"3.13.2\",\"resolution\":\"/home/vikram/amazon-clone/functions/node_modules/firebase-functions/lib/index.js\"}"}}
[debug] [2021-05-22T12:33:20.475Z] [runtime-status] [41897] Resolved module firebase-functions {"declared":true,"installed":true,"version":"3.13.2","resolution":"/home/vikram/amazon-clone/functions/node_modules/firebase-functions/lib/index.js"} {"metadata":{"emulator":{"name":"functions"},"function":{"name":"api"},"message":"[runtime-status] [41897] Resolved module firebase-functions {\"declared\":true,\"installed\":true,\"version\":\"3.13.2\",\"resolution\":\"/home/vikram/amazon-clone/functions/node_modules/firebase-functions/lib/index.js\"}"}}
[debug] [2021-05-22T12:33:20.477Z] [runtime-status] [41897] Outgoing network have been stubbed. [{"name":"http","status":"mocked"},{"name":"http","status":"mocked"},{"name":"https","status":"mocked"},{"name":"https","status":"mocked"},{"name":"net","status":"mocked"}] {"metadata":{"emulator":{"name":"functions"},"function":{"name":"api"},"message":"[runtime-status] [41897] Outgoing network have been stubbed. [{\"name\":\"http\",\"status\":\"mocked\"},{\"name\":\"http\",\"status\":\"mocked\"},{\"name\":\"https\",\"status\":\"mocked\"},{\"name\":\"https\",\"status\":\"mocked\"},{\"name\":\"net\",\"status\":\"mocked\"}]"}}
[debug] [2021-05-22T12:33:20.478Z] [runtime-status] [41897] Resolved module firebase-functions {"declared":true,"installed":true,"version":"3.13.2","resolution":"/home/vikram/amazon-clone/functions/node_modules/firebase-functions/lib/index.js"} {"metadata":{"emulator":{"name":"functions"},"function":{"name":"api"},"message":"[runtime-status] [41897] Resolved module firebase-functions {\"declared\":true,\"installed\":true,\"version\":\"3.13.2\",\"resolution\":\"/home/vikram/amazon-clone/functions/node_modules/firebase-functions/lib/index.js\"}"}}
[debug] [2021-05-22T12:33:20.508Z] [runtime-status] [41897] Checked functions.config() {"config":{}} {"metadata":{"emulator":{"name":"functions"},"function":{"name":"api"},"message":"[runtime-status] [41897] Checked functions.config() {\"config\":{}}"}}
[debug] [2021-05-22T12:33:20.508Z] [runtime-status] [41897] firebase-functions has been stubbed. {"functionsResolution":{"declared":true,"installed":true,"version":"3.13.2","resolution":"/home/vikram/amazon-clone/functions/node_modules/firebase-functions/lib/index.js"}} {"metadata":{"emulator":{"name":"functions"},"function":{"name":"api"},"message":"[runtime-status] [41897] firebase-functions has been stubbed. {\"functionsResolution\":{\"declared\":true,\"installed\":true,\"version\":\"3.13.2\",\"resolution\":\"/home/vikram/amazon-clone/functions/node_modules/firebase-functions/lib/index.js\"}}"}}
[debug] [2021-05-22T12:33:20.509Z] [runtime-status] [41897] Resolved module firebase-functions {"declared":true,"installed":true,"version":"3.13.2","resolution":"/home/vikram/amazon-clone/functions/node_modules/firebase-functions/lib/index.js"} {"metadata":{"emulator":{"name":"functions"},"function":{"name":"api"},"message":"[runtime-status] [41897] Resolved module firebase-functions {\"declared\":true,\"installed\":true,\"version\":\"3.13.2\",\"resolution\":\"/home/vikram/amazon-clone/functions/node_modules/firebase-functions/lib/index.js\"}"}}
[debug] [2021-05-22T12:33:20.511Z] [runtime-status] [41897] Resolved module firebase-admin {"declared":true,"installed":true,"version":"9.6.0","resolution":"/home/vikram/amazon-clone/functions/node_modules/firebase-admin/lib/index.js"} {"metadata":{"emulator":{"name":"functions"},"function":{"name":"api"},"message":"[runtime-status] [41897] Resolved module firebase-admin {\"declared\":true,\"installed\":true,\"version\":\"9.6.0\",\"resolution\":\"/home/vikram/amazon-clone/functions/node_modules/firebase-admin/lib/index.js\"}"}}
[debug] [2021-05-22T12:33:20.512Z] [runtime-status] [41897] Resolved module firebase-functions {"declared":true,"installed":true,"version":"3.13.2","resolution":"/home/vikram/amazon-clone/functions/node_modules/firebase-functions/lib/index.js"} {"metadata":{"emulator":{"name":"functions"},"function":{"name":"api"},"message":"[runtime-status] [41897] Resolved module firebase-functions {\"declared\":true,\"installed\":true,\"version\":\"3.13.2\",\"resolution\":\"/home/vikram/amazon-clone/functions/node_modules/firebase-functions/lib/index.js\"}"}}
[debug] [2021-05-22T12:33:20.512Z] [runtime-status] [41897] firebase-admin has been stubbed. {"adminResolution":{"declared":true,"installed":true,"version":"9.6.0","resolution":"/home/vikram/amazon-clone/functions/node_modules/firebase-admin/lib/index.js"}} {"metadata":{"emulator":{"name":"functions"},"function":{"name":"api"},"message":"[runtime-status] [41897] firebase-admin has been stubbed. {\"adminResolution\":{\"declared\":true,\"installed\":true,\"version\":\"9.6.0\",\"resolution\":\"/home/vikram/amazon-clone/functions/node_modules/firebase-admin/lib/index.js\"}}"}}
[debug] [2021-05-22T12:33:20.574Z] [runtime-status] [41897] Trigger "api" has been found, beginning invocation! {"metadata":{"emulator":{"name":"functions"},"function":{"name":"api"},"message":"[runtime-status] [41897] Trigger \"api\" has been found, beginning invocation!"}}
[info] i  functions: Beginning execution of "api" {"metadata":{"emulator":{"name":"functions"},"function":{"name":"api"},"message":"Beginning execution of \"api\""}}
[debug] [2021-05-22T12:33:20.575Z] [runtime-status] [41897] triggerDefinition {"httpsTrigger":{},"name":"api","entryPoint":"api"} {"metadata":{"emulator":{"name":"functions"},"function":{"name":"api"},"message":"[runtime-status] [41897] triggerDefinition {\"httpsTrigger\":{},\"name\":\"api\",\"entryPoint\":\"api\"}"}}
[debug] [2021-05-22T12:33:20.575Z] [runtime-status] [41897] Running api in mode HTTPS {"metadata":{"emulator":{"name":"functions"},"function":{"name":"api"},"message":"[runtime-status] [41897] Running api in mode HTTPS"}}
[debug] [2021-05-22T12:33:20.577Z] [runtime-status] [41897] Attempting to listen to socketPath: /tmp/fire_emu_41897.sock {"metadata":{"emulator":{"name":"functions"},"function":{"name":"api"},"message":"[runtime-status] [41897] Attempting to listen to socketPath: /tmp/fire_emu_41897.sock"}}
[debug] [2021-05-22T12:33:20.580Z] [functions] Runtime ready! Sending request! {"metadata":{"emulator":{"name":"functions"},"message":"[functions] Runtime ready! Sending request!"}}
[debug] [2021-05-22T12:33:20.581Z] [functions] Got req.url=/clone-1de8a/us-central1/api/payments/create?total=5499900, mapping to path=/payments/create?total=5499900 {"metadata":{"emulator":{"name":"functions"},"message":"[functions] Got req.url=/clone-1de8a/us-central1/api/payments/create?total=5499900, mapping to path=/payments/create?total=5499900"}}
[debug] [2021-05-22T12:33:20.589Z] [runtime-status] [41897] Ephemeral server handling POST request {"metadata":{"emulator":{"name":"functions"},"function":{"name":"api"},"message":"[runtime-status] [41897] Ephemeral server handling POST request"}}
[info] >  payment request received for amount -------  5499900 {"user":"payment request received for amount -------  5499900","metadata":{"emulator":{"name":"functions"},"function":{"name":"api"},"message":"\u001b[90m> \u001b[39m payment request received for amount -------  5499900"}}
[debug] [2021-05-22T12:33:20.597Z] [runtime-status] [41897] Ephemeral server survived. {"metadata":{"emulator":{"name":"functions"},"function":{"name":"api"},"message":"[runtime-status] [41897] Ephemeral server survived."}}
[info] i  functions: Finished "api" in ~1s {"metadata":{"emulator":{"name":"functions"},"function":{"name":"api"},"message":"Finished \"api\" in ~1s"}}
[debug] [2021-05-22T12:33:22.199Z] [worker-api-7c184287-3ca1-41a5-a2c4-a382500e1897]: IDLE {"metadata":{"emulator":{"name":"functions"},"message":"[worker-api-7c184287-3ca1-41a5-a2c4-a382500e1897]: IDLE"}}
[debug] [2021-05-22T12:33:22.200Z] [work-queue] {"queueLength":0,"workRunningCount":0}
[debug] [2021-05-22T12:33:48.779Z] [work-queue] {"queueLength":1,"workRunningCount":0}
[debug] [2021-05-22T12:33:48.779Z] [work-queue] {"queueLength":0,"workRunningCount":1}
[debug] [2021-05-22T12:33:48.779Z] Accepted request POST /clone-1de8a/us-central1/api/payments/create?total=0 --> api
[debug] [2021-05-22T12:33:48.780Z] [worker-pool] submitWork(triggerId=api) {"metadata":{"emulator":{"name":"functions"},"message":"[worker-pool] submitWork(triggerId=api)"}}
[debug] [2021-05-22T12:33:48.780Z] [worker-api-7c184287-3ca1-41a5-a2c4-a382500e1897]: Assigning socketPath: /tmp/fire_emu_41897.sock {"metadata":{"emulator":{"name":"functions"},"message":"[worker-api-7c184287-3ca1-41a5-a2c4-a382500e1897]: Assigning socketPath: /tmp/fire_emu_41897.sock"}}
[debug] [2021-05-22T12:33:48.780Z] [worker-api-7c184287-3ca1-41a5-a2c4-a382500e1897]: BUSY {"metadata":{"emulator":{"name":"functions"},"message":"[worker-api-7c184287-3ca1-41a5-a2c4-a382500e1897]: BUSY"}}
[debug] [2021-05-22T12:33:48.782Z] [runtime-status] [41897] Trigger "api" has been found, beginning invocation! {"metadata":{"emulator":{"name":"functions"},"function":{"name":"api"},"message":"[runtime-status] [41897] Trigger \"api\" has been found, beginning invocation!"}}
[info] i  functions: Beginning execution of "api" {"metadata":{"emulator":{"name":"functions"},"function":{"name":"api"},"message":"Beginning execution of \"api\""}}
[debug] [2021-05-22T12:33:48.782Z] [runtime-status] [41897] triggerDefinition {"httpsTrigger":{},"name":"api","entryPoint":"api"} {"metadata":{"emulator":{"name":"functions"},"function":{"name":"api"},"message":"[runtime-status] [41897] triggerDefinition {\"httpsTrigger\":{},\"name\":\"api\",\"entryPoint\":\"api\"}"}}
[debug] [2021-05-22T12:33:48.782Z] [runtime-status] [41897] Running api in mode HTTPS {"metadata":{"emulator":{"name":"functions"},"function":{"name":"api"},"message":"[runtime-status] [41897] Running api in mode HTTPS"}}
[debug] [2021-05-22T12:33:48.783Z] [runtime-status] [41897] Attempting to listen to socketPath: /tmp/fire_emu_41897.sock {"metadata":{"emulator":{"name":"functions"},"function":{"name":"api"},"message":"[runtime-status] [41897] Attempting to listen to socketPath: /tmp/fire_emu_41897.sock"}}
[debug] [2021-05-22T12:33:48.783Z] [functions] Runtime ready! Sending request! {"metadata":{"emulator":{"name":"functions"},"message":"[functions] Runtime ready! Sending request!"}}
[debug] [2021-05-22T12:33:48.784Z] [functions] Got req.url=/clone-1de8a/us-central1/api/payments/create?total=0, mapping to path=/payments/create?total=0 {"metadata":{"emulator":{"name":"functions"},"message":"[functions] Got req.url=/clone-1de8a/us-central1/api/payments/create?total=0, mapping to path=/payments/create?total=0"}}
[debug] [2021-05-22T12:33:48.788Z] [runtime-status] [41897] Ephemeral server handling POST request {"metadata":{"emulator":{"name":"functions"},"function":{"name":"api"},"message":"[runtime-status] [41897] Ephemeral server handling POST request"}}
[info] >  payment request received for amount -------  0 {"user":"payment request received for amount -------  0","metadata":{"emulator":{"name":"functions"},"function":{"name":"api"},"message":"\u001b[90m> \u001b[39m payment request received for amount -------  0"}}
[debug] [2021-05-22T12:33:48.789Z] [runtime-status] [41897] Ephemeral server survived. {"metadata":{"emulator":{"name":"functions"},"function":{"name":"api"},"message":"[runtime-status] [41897] Ephemeral server survived."}}
[info] >  (node:41897) UnhandledPromiseRejectionWarning: Error: This value must be greater than or equal to 1. {"user":"(node:41897) UnhandledPromiseRejectionWarning: Error: This value must be greater than or equal to 1.","metadata":{"emulator":{"name":"functions"},"function":{"name":"api"},"message":"\u001b[90m> \u001b[39m (node:41897) UnhandledPromiseRejectionWarning: Error: This value must be greater than or equal to 1."}}
[info] >      at Function.generate (/home/vikram/amazon-clone/functions/node_modules/stripe/lib/Error.js:40:16) {"user":"    at Function.generate (/home/vikram/amazon-clone/functions/node_modules/stripe/lib/Error.js:40:16)","metadata":{"emulator":{"name":"functions"},"function":{"name":"api"},"message":"\u001b[90m> \u001b[39m     at Function.generate (/home/vikram/amazon-clone/functions/node_modules/stripe/lib/Error.js:40:16)"}}
[info] >      at IncomingMessage.<anonymous> (/home/vikram/amazon-clone/functions/node_modules/stripe/lib/StripeResource.js:180:33) {"user":"    at IncomingMessage.<anonymous> (/home/vikram/amazon-clone/functions/node_modules/stripe/lib/StripeResource.js:180:33)","metadata":{"emulator":{"name":"functions"},"function":{"name":"api"},"message":"\u001b[90m> \u001b[39m     at IncomingMessage.<anonymous> (/home/vikram/amazon-clone/functions/node_modules/stripe/lib/StripeResource.js:180:33)"}}
[info] >      at Object.onceWrapper (events.js:421:28) {"user":"    at Object.onceWrapper (events.js:421:28)","metadata":{"emulator":{"name":"functions"},"function":{"name":"api"},"message":"\u001b[90m> \u001b[39m     at Object.onceWrapper (events.js:421:28)"}}
[info] >      at IncomingMessage.emit (events.js:327:22) {"user":"    at IncomingMessage.emit (events.js:327:22)","metadata":{"emulator":{"name":"functions"},"function":{"name":"api"},"message":"\u001b[90m> \u001b[39m     at IncomingMessage.emit (events.js:327:22)"}}
[info] >      at endReadableNT (internal/streams/readable.js:1327:12) {"user":"    at endReadableNT (internal/streams/readable.js:1327:12)","metadata":{"emulator":{"name":"functions"},"function":{"name":"api"},"message":"\u001b[90m> \u001b[39m     at endReadableNT (internal/streams/readable.js:1327:12)"}}
[info] >      at processTicksAndRejections (internal/process/task_queues.js:80:21) {"user":"    at processTicksAndRejections (internal/process/task_queues.js:80:21)","metadata":{"emulator":{"name":"functions"},"function":{"name":"api"},"message":"\u001b[90m> \u001b[39m     at processTicksAndRejections (internal/process/task_queues.js:80:21)"}}
[info] >  (Use `node --trace-warnings ...` to show where the warning was created) {"user":"(Use `node --trace-warnings ...` to show where the warning was created)","metadata":{"emulator":{"name":"functions"},"function":{"name":"api"},"message":"\u001b[90m> \u001b[39m (Use `node --trace-warnings ...` to show where the warning was created)"}}
[info] >  (node:41897) UnhandledPromiseRejectionWarning: Unhandled promise rejection. This error originated either by throwing inside of an async function without a catch block, or by rejecting a promise which was not handled with .catch(). To terminate the node process on unhandled promise rejection, use the CLI flag `--unhandled-rejections=strict` (see https://nodejs.org/api/cli.html#cli_unhandled_rejections_mode). (rejection id: 1) {"user":"(node:41897) UnhandledPromiseRejectionWarning: Unhandled promise rejection. This error originated either by throwing inside of an async function without a catch block, or by rejecting a promise which was not handled with .catch(). To terminate the node process on unhandled promise rejection, use the CLI flag `--unhandled-rejections=strict` (see https://nodejs.org/api/cli.html#cli_unhandled_rejections_mode). (rejection id: 1)","metadata":{"emulator":{"name":"functions"},"function":{"name":"api"},"message":"\u001b[90m> \u001b[39m (node:41897) UnhandledPromiseRejectionWarning: Unhandled promise rejection. This error originated either by throwing inside of an async function without a catch block, or by rejecting a promise which was not handled with .catch(). To terminate the node process on unhandled promise rejection, use the CLI flag `--unhandled-rejections=strict` (see https://nodejs.org/api/cli.html#cli_unhandled_rejections_mode). (rejection id: 1)"}}
[info] >  (node:41897) [DEP0018] DeprecationWarning: Unhandled promise rejections are deprecated. In the future, promise rejections that are not handled will terminate the Node.js process with a non-zero exit code. {"user":"(node:41897) [DEP0018] DeprecationWarning: Unhandled promise rejections are deprecated. In the future, promise rejections that are not handled will terminate the Node.js process with a non-zero exit code.","metadata":{"emulator":{"name":"functions"},"function":{"name":"api"},"message":"\u001b[90m> \u001b[39m (node:41897) [DEP0018] DeprecationWarning: Unhandled promise rejections are deprecated. In the future, promise rejections that are not handled will terminate the Node.js process with a non-zero exit code."}}
[warn] ⚠  functions: Your function timed out after ~60s. To configure this timeout, see
      https://firebase.google.com/docs/functions/manage-functions#set_timeout_and_memory_allocation. {"metadata":{"emulator":{"name":"functions"},"function":{"name":"api"},"message":"Your function timed out after ~60s. To configure this timeout, see\n      https://firebase.google.com/docs/functions/manage-functions#set_timeout_and_memory_allocation."}}
[info] >  /usr/lib/node_modules/firebase-tools/lib/emulator/functionsEmulatorRuntime.js:642 {"user":"/usr/lib/node_modules/firebase-tools/lib/emulator/functionsEmulatorRuntime.js:642","metadata":{"emulator":{"name":"functions"},"function":{"name":"api"},"message":"\u001b[90m> \u001b[39m /usr/lib/node_modules/firebase-tools/lib/emulator/functionsEmulatorRuntime.js:642"}}
[info] >              throw new Error("Function timed out."); {"user":"            throw new Error(\"Function timed out.\");","metadata":{"emulator":{"name":"functions"},"function":{"name":"api"},"message":"\u001b[90m> \u001b[39m             throw new Error(\"Function timed out.\");"}}
[info] >              ^ {"user":"            ^","metadata":{"emulator":{"name":"functions"},"function":{"name":"api"},"message":"\u001b[90m> \u001b[39m             ^"}}
[info] >   {"user":"","metadata":{"emulator":{"name":"functions"},"function":{"name":"api"},"message":"\u001b[90m> \u001b[39m "}}
[info] >  Error: Function timed out. {"user":"Error: Function timed out.","metadata":{"emulator":{"name":"functions"},"function":{"name":"api"},"message":"\u001b[90m> \u001b[39m Error: Function timed out."}}
[info] >      at Timeout._onTimeout (/usr/lib/node_modules/firebase-tools/lib/emulator/functionsEmulatorRuntime.js:642:19) {"user":"    at Timeout._onTimeout (/usr/lib/node_modules/firebase-tools/lib/emulator/functionsEmulatorRuntime.js:642:19)","metadata":{"emulator":{"name":"functions"},"function":{"name":"api"},"message":"\u001b[90m> \u001b[39m     at Timeout._onTimeout (/usr/lib/node_modules/firebase-tools/lib/emulator/functionsEmulatorRuntime.js:642:19)"}}
[info] >      at listOnTimeout (internal/timers.js:554:17) {"user":"    at listOnTimeout (internal/timers.js:554:17)","metadata":{"emulator":{"name":"functions"},"function":{"name":"api"},"message":"\u001b[90m> \u001b[39m     at listOnTimeout (internal/timers.js:554:17)"}}
[info] >      at processTimers (internal/timers.js:497:7) {"user":"    at processTimers (internal/timers.js:497:7)","metadata":{"emulator":{"name":"functions"},"function":{"name":"api"},"message":"\u001b[90m> \u001b[39m     at processTimers (internal/timers.js:497:7)"}}
[debug] [2021-05-22T12:34:48.792Z] [worker-api-7c184287-3ca1-41a5-a2c4-a382500e1897]: exited {"metadata":{"emulator":{"name":"functions"},"message":"[worker-api-7c184287-3ca1-41a5-a2c4-a382500e1897]: exited"}}
[debug] [2021-05-22T12:34:48.793Z] [worker-api-7c184287-3ca1-41a5-a2c4-a382500e1897]: FINISHED {"metadata":{"emulator":{"name":"functions"},"message":"[worker-api-7c184287-3ca1-41a5-a2c4-a382500e1897]: FINISHED"}}
[debug] [2021-05-22T12:34:48.793Z] [work-queue] {"queueLength":0,"workRunningCount":0}
[debug] [2021-05-22T12:39:10.330Z] [work-queue] {"queueLength":1,"workRunningCount":0}
[debug] [2021-05-22T12:39:10.330Z] [work-queue] {"queueLength":0,"workRunningCount":1}
[debug] [2021-05-22T12:39:10.331Z] Accepted request POST /clone-1de8a/us-central1/api/payments/create?total=10299000 --> api
[debug] [2021-05-22T12:39:10.331Z] [worker-pool] Cleaned up workers for api: 1 --> 0 {"metadata":{"emulator":{"name":"functions"},"message":"[worker-pool] Cleaned up workers for api: 1 --> 0"}}
[debug] [2021-05-22T12:39:10.338Z] [worker-pool] addWorker(api) {"metadata":{"emulator":{"name":"functions"},"message":"[worker-pool] addWorker(api)"}}
[debug] [2021-05-22T12:39:10.339Z] [worker-pool] Adding worker with key api, total=1 {"metadata":{"emulator":{"name":"functions"},"message":"[worker-pool] Adding worker with key api, total=1"}}
[debug] [2021-05-22T12:39:10.339Z] [worker-pool] submitWork(triggerId=api) {"metadata":{"emulator":{"name":"functions"},"message":"[worker-pool] submitWork(triggerId=api)"}}
[debug] [2021-05-22T12:39:10.339Z] [worker-api-a217862e-fe9c-4c50-9c70-923609401134]: Assigning socketPath: /tmp/fire_emu_42323.sock {"metadata":{"emulator":{"name":"functions"},"message":"[worker-api-a217862e-fe9c-4c50-9c70-923609401134]: Assigning socketPath: /tmp/fire_emu_42323.sock"}}
[debug] [2021-05-22T12:39:10.339Z] [worker-api-a217862e-fe9c-4c50-9c70-923609401134]: BUSY {"metadata":{"emulator":{"name":"functions"},"message":"[worker-api-a217862e-fe9c-4c50-9c70-923609401134]: BUSY"}}
[debug] [2021-05-22T12:39:10.447Z] [runtime-status] [42323] Functions runtime initialized. {"cwd":"/home/vikram/amazon-clone/functions","node_version":"14.16.0"} {"metadata":{"emulator":{"name":"functions"},"function":{"name":"api"},"message":"[runtime-status] [42323] Functions runtime initialized. {\"cwd\":\"/home/vikram/amazon-clone/functions\",\"node_version\":\"14.16.0\"}"}}
[debug] [2021-05-22T12:39:10.448Z] [runtime-status] [42323] Disabled runtime features: undefined {"metadata":{"emulator":{"name":"functions"},"function":{"name":"api"},"message":"[runtime-status] [42323] Disabled runtime features: undefined"}}
[debug] [2021-05-22T12:39:10.449Z] [runtime-status] [42323] Resolved module firebase-admin {"declared":true,"installed":true,"version":"9.6.0","resolution":"/home/vikram/amazon-clone/functions/node_modules/firebase-admin/lib/index.js"} {"metadata":{"emulator":{"name":"functions"},"function":{"name":"api"},"message":"[runtime-status] [42323] Resolved module firebase-admin {\"declared\":true,\"installed\":true,\"version\":\"9.6.0\",\"resolution\":\"/home/vikram/amazon-clone/functions/node_modules/firebase-admin/lib/index.js\"}"}}
[debug] [2021-05-22T12:39:10.450Z] [runtime-status] [42323] Resolved module firebase-functions {"declared":true,"installed":true,"version":"3.13.2","resolution":"/home/vikram/amazon-clone/functions/node_modules/firebase-functions/lib/index.js"} {"metadata":{"emulator":{"name":"functions"},"function":{"name":"api"},"message":"[runtime-status] [42323] Resolved module firebase-functions {\"declared\":true,\"installed\":true,\"version\":\"3.13.2\",\"resolution\":\"/home/vikram/amazon-clone/functions/node_modules/firebase-functions/lib/index.js\"}"}}
[debug] [2021-05-22T12:39:10.450Z] [runtime-status] [42323] Resolved module firebase-functions {"declared":true,"installed":true,"version":"3.13.2","resolution":"/home/vikram/amazon-clone/functions/node_modules/firebase-functions/lib/index.js"} {"metadata":{"emulator":{"name":"functions"},"function":{"name":"api"},"message":"[runtime-status] [42323] Resolved module firebase-functions {\"declared\":true,\"installed\":true,\"version\":\"3.13.2\",\"resolution\":\"/home/vikram/amazon-clone/functions/node_modules/firebase-functions/lib/index.js\"}"}}
[debug] [2021-05-22T12:39:10.452Z] [runtime-status] [42323] Outgoing network have been stubbed. [{"name":"http","status":"mocked"},{"name":"http","status":"mocked"},{"name":"https","status":"mocked"},{"name":"https","status":"mocked"},{"name":"net","status":"mocked"}] {"metadata":{"emulator":{"name":"functions"},"function":{"name":"api"},"message":"[runtime-status] [42323] Outgoing network have been stubbed. [{\"name\":\"http\",\"status\":\"mocked\"},{\"name\":\"http\",\"status\":\"mocked\"},{\"name\":\"https\",\"status\":\"mocked\"},{\"name\":\"https\",\"status\":\"mocked\"},{\"name\":\"net\",\"status\":\"mocked\"}]"}}
[debug] [2021-05-22T12:39:10.452Z] [runtime-status] [42323] Resolved module firebase-functions {"declared":true,"installed":true,"version":"3.13.2","resolution":"/home/vikram/amazon-clone/functions/node_modules/firebase-functions/lib/index.js"} {"metadata":{"emulator":{"name":"functions"},"function":{"name":"api"},"message":"[runtime-status] [42323] Resolved module firebase-functions {\"declared\":true,\"installed\":true,\"version\":\"3.13.2\",\"resolution\":\"/home/vikram/amazon-clone/functions/node_modules/firebase-functions/lib/index.js\"}"}}
[debug] [2021-05-22T12:39:10.480Z] [runtime-status] [42323] Checked functions.config() {"config":{}} {"metadata":{"emulator":{"name":"functions"},"function":{"name":"api"},"message":"[runtime-status] [42323] Checked functions.config() {\"config\":{}}"}}
[debug] [2021-05-22T12:39:10.481Z] [runtime-status] [42323] firebase-functions has been stubbed. {"functionsResolution":{"declared":true,"installed":true,"version":"3.13.2","resolution":"/home/vikram/amazon-clone/functions/node_modules/firebase-functions/lib/index.js"}} {"metadata":{"emulator":{"name":"functions"},"function":{"name":"api"},"message":"[runtime-status] [42323] firebase-functions has been stubbed. {\"functionsResolution\":{\"declared\":true,\"installed\":true,\"version\":\"3.13.2\",\"resolution\":\"/home/vikram/amazon-clone/functions/node_modules/firebase-functions/lib/index.js\"}}"}}
[debug] [2021-05-22T12:39:10.481Z] [runtime-status] [42323] Resolved module firebase-functions {"declared":true,"installed":true,"version":"3.13.2","resolution":"/home/vikram/amazon-clone/functions/node_modules/firebase-functions/lib/index.js"} {"metadata":{"emulator":{"name":"functions"},"function":{"name":"api"},"message":"[runtime-status] [42323] Resolved module firebase-functions {\"declared\":true,\"installed\":true,\"version\":\"3.13.2\",\"resolution\":\"/home/vikram/amazon-clone/functions/node_modules/firebase-functions/lib/index.js\"}"}}
[debug] [2021-05-22T12:39:10.482Z] [runtime-status] [42323] Resolved module firebase-admin {"declared":true,"installed":true,"version":"9.6.0","resolution":"/home/vikram/amazon-clone/functions/node_modules/firebase-admin/lib/index.js"} {"metadata":{"emulator":{"name":"functions"},"function":{"name":"api"},"message":"[runtime-status] [42323] Resolved module firebase-admin {\"declared\":true,\"installed\":true,\"version\":\"9.6.0\",\"resolution\":\"/home/vikram/amazon-clone/functions/node_modules/firebase-admin/lib/index.js\"}"}}
[debug] [2021-05-22T12:39:10.482Z] [runtime-status] [42323] Resolved module firebase-functions {"declared":true,"installed":true,"version":"3.13.2","resolution":"/home/vikram/amazon-clone/functions/node_modules/firebase-functions/lib/index.js"} {"metadata":{"emulator":{"name":"functions"},"function":{"name":"api"},"message":"[runtime-status] [42323] Resolved module firebase-functions {\"declared\":true,\"installed\":true,\"version\":\"3.13.2\",\"resolution\":\"/home/vikram/amazon-clone/functions/node_modules/firebase-functions/lib/index.js\"}"}}
[debug] [2021-05-22T12:39:10.482Z] [runtime-status] [42323] firebase-admin has been stubbed. {"adminResolution":{"declared":true,"installed":true,"version":"9.6.0","resolution":"/home/vikram/amazon-clone/functions/node_modules/firebase-admin/lib/index.js"}} {"metadata":{"emulator":{"name":"functions"},"function":{"name":"api"},"message":"[runtime-status] [42323] firebase-admin has been stubbed. {\"adminResolution\":{\"declared\":true,\"installed\":true,\"version\":\"9.6.0\",\"resolution\":\"/home/vikram/amazon-clone/functions/node_modules/firebase-admin/lib/index.js\"}}"}}
[debug] [2021-05-22T12:39:10.554Z] [runtime-status] [42323] Trigger "api" has been found, beginning invocation! {"metadata":{"emulator":{"name":"functions"},"function":{"name":"api"},"message":"[runtime-status] [42323] Trigger \"api\" has been found, beginning invocation!"}}
[info] i  functions: Beginning execution of "api" {"metadata":{"emulator":{"name":"functions"},"function":{"name":"api"},"message":"Beginning execution of \"api\""}}
[debug] [2021-05-22T12:39:10.554Z] [runtime-status] [42323] triggerDefinition {"httpsTrigger":{},"name":"api","entryPoint":"api"} {"metadata":{"emulator":{"name":"functions"},"function":{"name":"api"},"message":"[runtime-status] [42323] triggerDefinition {\"httpsTrigger\":{},\"name\":\"api\",\"entryPoint\":\"api\"}"}}
[debug] [2021-05-22T12:39:10.555Z] [runtime-status] [42323] Running api in mode HTTPS {"metadata":{"emulator":{"name":"functions"},"function":{"name":"api"},"message":"[runtime-status] [42323] Running api in mode HTTPS"}}
[debug] [2021-05-22T12:39:10.557Z] [runtime-status] [42323] Attempting to listen to socketPath: /tmp/fire_emu_42323.sock {"metadata":{"emulator":{"name":"functions"},"function":{"name":"api"},"message":"[runtime-status] [42323] Attempting to listen to socketPath: /tmp/fire_emu_42323.sock"}}
[debug] [2021-05-22T12:39:10.559Z] [functions] Runtime ready! Sending request! {"metadata":{"emulator":{"name":"functions"},"message":"[functions] Runtime ready! Sending request!"}}
[debug] [2021-05-22T12:39:10.559Z] [functions] Got req.url=/clone-1de8a/us-central1/api/payments/create?total=10299000, mapping to path=/payments/create?total=10299000 {"metadata":{"emulator":{"name":"functions"},"message":"[functions] Got req.url=/clone-1de8a/us-central1/api/payments/create?total=10299000, mapping to path=/payments/create?total=10299000"}}
[debug] [2021-05-22T12:39:10.567Z] [runtime-status] [42323] Ephemeral server handling POST request {"metadata":{"emulator":{"name":"functions"},"function":{"name":"api"},"message":"[runtime-status] [42323] Ephemeral server handling POST request"}}
[info] >  payment request received for amount -------  10299000 {"user":"payment request received for amount -------  10299000","metadata":{"emulator":{"name":"functions"},"function":{"name":"api"},"message":"\u001b[90m> \u001b[39m payment request received for amount -------  10299000"}}
[debug] [2021-05-22T12:39:10.597Z] [runtime-status] [42323] Ephemeral server survived. {"metadata":{"emulator":{"name":"functions"},"function":{"name":"api"},"message":"[runtime-status] [42323] Ephemeral server survived."}}
[info] i  functions: Finished "api" in ~1s {"metadata":{"emulator":{"name":"functions"},"function":{"name":"api"},"message":"Finished \"api\" in ~1s"}}
[debug] [2021-05-22T12:39:11.715Z] [worker-api-a217862e-fe9c-4c50-9c70-923609401134]: IDLE {"metadata":{"emulator":{"name":"functions"},"message":"[worker-api-a217862e-fe9c-4c50-9c70-923609401134]: IDLE"}}
[debug] [2021-05-22T12:39:11.715Z] [work-queue] {"queueLength":0,"workRunningCount":0}
[debug] [2021-05-22T12:39:22.325Z] [work-queue] {"queueLength":1,"workRunningCount":0}
[debug] [2021-05-22T12:39:22.325Z] [work-queue] {"queueLength":0,"workRunningCount":1}
[debug] [2021-05-22T12:39:22.326Z] Accepted request POST /clone-1de8a/us-central1/api/payments/create?total=0 --> api
[debug] [2021-05-22T12:39:22.326Z] [worker-pool] submitWork(triggerId=api) {"metadata":{"emulator":{"name":"functions"},"message":"[worker-pool] submitWork(triggerId=api)"}}
[debug] [2021-05-22T12:39:22.326Z] [worker-api-a217862e-fe9c-4c50-9c70-923609401134]: Assigning socketPath: /tmp/fire_emu_42323.sock {"metadata":{"emulator":{"name":"functions"},"message":"[worker-api-a217862e-fe9c-4c50-9c70-923609401134]: Assigning socketPath: /tmp/fire_emu_42323.sock"}}
[debug] [2021-05-22T12:39:22.326Z] [worker-api-a217862e-fe9c-4c50-9c70-923609401134]: BUSY {"metadata":{"emulator":{"name":"functions"},"message":"[worker-api-a217862e-fe9c-4c50-9c70-923609401134]: BUSY"}}
[debug] [2021-05-22T12:39:22.327Z] [runtime-status] [42323] Trigger "api" has been found, beginning invocation! {"metadata":{"emulator":{"name":"functions"},"function":{"name":"api"},"message":"[runtime-status] [42323] Trigger \"api\" has been found, beginning invocation!"}}
[info] i  functions: Beginning execution of "api" {"metadata":{"emulator":{"name":"functions"},"function":{"name":"api"},"message":"Beginning execution of \"api\""}}
[debug] [2021-05-22T12:39:22.327Z] [runtime-status] [42323] triggerDefinition {"httpsTrigger":{},"name":"api","entryPoint":"api"} {"metadata":{"emulator":{"name":"functions"},"function":{"name":"api"},"message":"[runtime-status] [42323] triggerDefinition {\"httpsTrigger\":{},\"name\":\"api\",\"entryPoint\":\"api\"}"}}
[debug] [2021-05-22T12:39:22.327Z] [runtime-status] [42323] Running api in mode HTTPS {"metadata":{"emulator":{"name":"functions"},"function":{"name":"api"},"message":"[runtime-status] [42323] Running api in mode HTTPS"}}
[debug] [2021-05-22T12:39:22.328Z] [runtime-status] [42323] Attempting to listen to socketPath: /tmp/fire_emu_42323.sock {"metadata":{"emulator":{"name":"functions"},"function":{"name":"api"},"message":"[runtime-status] [42323] Attempting to listen to socketPath: /tmp/fire_emu_42323.sock"}}
[debug] [2021-05-22T12:39:22.329Z] [functions] Runtime ready! Sending request! {"metadata":{"emulator":{"name":"functions"},"message":"[functions] Runtime ready! Sending request!"}}
[debug] [2021-05-22T12:39:22.329Z] [functions] Got req.url=/clone-1de8a/us-central1/api/payments/create?total=0, mapping to path=/payments/create?total=0 {"metadata":{"emulator":{"name":"functions"},"message":"[functions] Got req.url=/clone-1de8a/us-central1/api/payments/create?total=0, mapping to path=/payments/create?total=0"}}
[debug] [2021-05-22T12:39:22.333Z] [runtime-status] [42323] Ephemeral server handling POST request {"metadata":{"emulator":{"name":"functions"},"function":{"name":"api"},"message":"[runtime-status] [42323] Ephemeral server handling POST request"}}
[info] >  payment request received for amount -------  0 {"user":"payment request received for amount -------  0","metadata":{"emulator":{"name":"functions"},"function":{"name":"api"},"message":"\u001b[90m> \u001b[39m payment request received for amount -------  0"}}
[debug] [2021-05-22T12:39:22.336Z] [runtime-status] [42323] Ephemeral server survived. {"metadata":{"emulator":{"name":"functions"},"function":{"name":"api"},"message":"[runtime-status] [42323] Ephemeral server survived."}}
[info] >  (node:42323) UnhandledPromiseRejectionWarning: Error: This value must be greater than or equal to 1. {"user":"(node:42323) UnhandledPromiseRejectionWarning: Error: This value must be greater than or equal to 1.","metadata":{"emulator":{"name":"functions"},"function":{"name":"api"},"message":"\u001b[90m> \u001b[39m (node:42323) UnhandledPromiseRejectionWarning: Error: This value must be greater than or equal to 1."}}
[info] >      at Function.generate (/home/vikram/amazon-clone/functions/node_modules/stripe/lib/Error.js:40:16) {"user":"    at Function.generate (/home/vikram/amazon-clone/functions/node_modules/stripe/lib/Error.js:40:16)","metadata":{"emulator":{"name":"functions"},"function":{"name":"api"},"message":"\u001b[90m> \u001b[39m     at Function.generate (/home/vikram/amazon-clone/functions/node_modules/stripe/lib/Error.js:40:16)"}}
[info] >      at IncomingMessage.<anonymous> (/home/vikram/amazon-clone/functions/node_modules/stripe/lib/StripeResource.js:180:33) {"user":"    at IncomingMessage.<anonymous> (/home/vikram/amazon-clone/functions/node_modules/stripe/lib/StripeResource.js:180:33)","metadata":{"emulator":{"name":"functions"},"function":{"name":"api"},"message":"\u001b[90m> \u001b[39m     at IncomingMessage.<anonymous> (/home/vikram/amazon-clone/functions/node_modules/stripe/lib/StripeResource.js:180:33)"}}
[info] >      at Object.onceWrapper (events.js:421:28) {"user":"    at Object.onceWrapper (events.js:421:28)","metadata":{"emulator":{"name":"functions"},"function":{"name":"api"},"message":"\u001b[90m> \u001b[39m     at Object.onceWrapper (events.js:421:28)"}}
[info] >      at IncomingMessage.emit (events.js:327:22) {"user":"    at IncomingMessage.emit (events.js:327:22)","metadata":{"emulator":{"name":"functions"},"function":{"name":"api"},"message":"\u001b[90m> \u001b[39m     at IncomingMessage.emit (events.js:327:22)"}}
[info] >      at endReadableNT (internal/streams/readable.js:1327:12) {"user":"    at endReadableNT (internal/streams/readable.js:1327:12)","metadata":{"emulator":{"name":"functions"},"function":{"name":"api"},"message":"\u001b[90m> \u001b[39m     at endReadableNT (internal/streams/readable.js:1327:12)"}}
[info] >      at processTicksAndRejections (internal/process/task_queues.js:80:21) {"user":"    at processTicksAndRejections (internal/process/task_queues.js:80:21)","metadata":{"emulator":{"name":"functions"},"function":{"name":"api"},"message":"\u001b[90m> \u001b[39m     at processTicksAndRejections (internal/process/task_queues.js:80:21)"}}
[info] >  (Use `node --trace-warnings ...` to show where the warning was created) {"user":"(Use `node --trace-warnings ...` to show where the warning was created)","metadata":{"emulator":{"name":"functions"},"function":{"name":"api"},"message":"\u001b[90m> \u001b[39m (Use `node --trace-warnings ...` to show where the warning was created)"}}
[info] >  (node:42323) UnhandledPromiseRejectionWarning: Unhandled promise rejection. This error originated either by throwing inside of an async function without a catch block, or by rejecting a promise which was not handled with .catch(). To terminate the node process on unhandled promise rejection, use the CLI flag `--unhandled-rejections=strict` (see https://nodejs.org/api/cli.html#cli_unhandled_rejections_mode). (rejection id: 1) {"user":"(node:42323) UnhandledPromiseRejectionWarning: Unhandled promise rejection. This error originated either by throwing inside of an async function without a catch block, or by rejecting a promise which was not handled with .catch(). To terminate the node process on unhandled promise rejection, use the CLI flag `--unhandled-rejections=strict` (see https://nodejs.org/api/cli.html#cli_unhandled_rejections_mode). (rejection id: 1)","metadata":{"emulator":{"name":"functions"},"function":{"name":"api"},"message":"\u001b[90m> \u001b[39m (node:42323) UnhandledPromiseRejectionWarning: Unhandled promise rejection. This error originated either by throwing inside of an async function without a catch block, or by rejecting a promise which was not handled with .catch(). To terminate the node process on unhandled promise rejection, use the CLI flag `--unhandled-rejections=strict` (see https://nodejs.org/api/cli.html#cli_unhandled_rejections_mode). (rejection id: 1)"}}
[info] >  (node:42323) [DEP0018] DeprecationWarning: Unhandled promise rejections are deprecated. In the future, promise rejections that are not handled will terminate the Node.js process with a non-zero exit code. {"user":"(node:42323) [DEP0018] DeprecationWarning: Unhandled promise rejections are deprecated. In the future, promise rejections that are not handled will terminate the Node.js process with a non-zero exit code.","metadata":{"emulator":{"name":"functions"},"function":{"name":"api"},"message":"\u001b[90m> \u001b[39m (node:42323) [DEP0018] DeprecationWarning: Unhandled promise rejections are deprecated. In the future, promise rejections that are not handled will terminate the Node.js process with a non-zero exit code."}}
[warn] ⚠  functions: Your function timed out after ~60s. To configure this timeout, see
      https://firebase.google.com/docs/functions/manage-functions#set_timeout_and_memory_allocation. {"metadata":{"emulator":{"name":"functions"},"function":{"name":"api"},"message":"Your function timed out after ~60s. To configure this timeout, see\n      https://firebase.google.com/docs/functions/manage-functions#set_timeout_and_memory_allocation."}}
[info] >  /usr/lib/node_modules/firebase-tools/lib/emulator/functionsEmulatorRuntime.js:642 {"user":"/usr/lib/node_modules/firebase-tools/lib/emulator/functionsEmulatorRuntime.js:642","metadata":{"emulator":{"name":"functions"},"function":{"name":"api"},"message":"\u001b[90m> \u001b[39m /usr/lib/node_modules/firebase-tools/lib/emulator/functionsEmulatorRuntime.js:642"}}
[info] >              throw new Error("Function timed out."); {"user":"            throw new Error(\"Function timed out.\");","metadata":{"emulator":{"name":"functions"},"function":{"name":"api"},"message":"\u001b[90m> \u001b[39m             throw new Error(\"Function timed out.\");"}}
[info] >              ^ {"user":"            ^","metadata":{"emulator":{"name":"functions"},"function":{"name":"api"},"message":"\u001b[90m> \u001b[39m             ^"}}
[info] >   {"user":"","metadata":{"emulator":{"name":"functions"},"function":{"name":"api"},"message":"\u001b[90m> \u001b[39m "}}
[info] >  Error: Function timed out. {"user":"Error: Function timed out.","metadata":{"emulator":{"name":"functions"},"function":{"name":"api"},"message":"\u001b[90m> \u001b[39m Error: Function timed out."}}
[info] >      at Timeout._onTimeout (/usr/lib/node_modules/firebase-tools/lib/emulator/functionsEmulatorRuntime.js:642:19) {"user":"    at Timeout._onTimeout (/usr/lib/node_modules/firebase-tools/lib/emulator/functionsEmulatorRuntime.js:642:19)","metadata":{"emulator":{"name":"functions"},"function":{"name":"api"},"message":"\u001b[90m> \u001b[39m     at Timeout._onTimeout (/usr/lib/node_modules/firebase-tools/lib/emulator/functionsEmulatorRuntime.js:642:19)"}}
[info] >      at listOnTimeout (internal/timers.js:554:17) {"user":"    at listOnTimeout (internal/timers.js:554:17)","metadata":{"emulator":{"name":"functions"},"function":{"name":"api"},"message":"\u001b[90m> \u001b[39m     at listOnTimeout (internal/timers.js:554:17)"}}
[info] >      at processTimers (internal/timers.js:497:7) {"user":"    at processTimers (internal/timers.js:497:7)","metadata":{"emulator":{"name":"functions"},"function":{"name":"api"},"message":"\u001b[90m> \u001b[39m     at processTimers (internal/timers.js:497:7)"}}
[debug] [2021-05-22T12:40:22.338Z] [worker-api-a217862e-fe9c-4c50-9c70-923609401134]: exited {"metadata":{"emulator":{"name":"functions"},"message":"[worker-api-a217862e-fe9c-4c50-9c70-923609401134]: exited"}}
[debug] [2021-05-22T12:40:22.338Z] [worker-api-a217862e-fe9c-4c50-9c70-923609401134]: FINISHED {"metadata":{"emulator":{"name":"functions"},"message":"[worker-api-a217862e-fe9c-4c50-9c70-923609401134]: FINISHED"}}
[debug] [2021-05-22T12:40:22.338Z] [work-queue] {"queueLength":0,"workRunningCount":0}
